Build started 2015/12/16 上午 8:48:47.
     1>Project "F:\project\C\GLProject\GLProject\GLProject.vcxproj" on node 2 (Build target(s)).
     1>ClCompile:
         D:\SE\VS 2015\VS\VC\bin\CL.exe /c /Zi /nologo /W3 /WX- /sdl /O2 /Oi /Oy- /GL /D _MBCS /Gm- /EHsc /MD /GS /Gy /fp:precise /Zc:wchar_t /Zc:forScope /Zc:inline /Fo"Release\\" /Fd"Release\vc140.pdb" /Gd /TP /analyze- /errorReport:prompt draw.cpp
         draw.cpp
       Link:
         D:\SE\VS 2015\VS\VC\bin\link.exe /ERRORREPORT:PROMPT /OUT:"F:\project\C\GLProject\Release\GLProject.exe" /NOLOGO opengl32.lib glut32.lib glu32.lib glaux.lib legacy_stdio_definitions.lib kernel32.lib user32.lib gdi32.lib winspool.lib comdlg32.lib advapi32.lib shell32.lib ole32.lib oleaut32.lib uuid.lib odbc32.lib odbccp32.lib /MANIFEST /MANIFESTUAC:"level='asInvoker' uiAccess='false'" /manifest:embed /Debug /PDB:"F:\project\C\GLProject\Release\GLProject.pdb" /OPT:REF /OPT:ICF /LTCG:incremental /TLBID:1 /DYNAMICBASE /NXCOMPAT /IMPLIB:"F:\project\C\GLProject\Release\GLProject.lib" /MACHINE:X86 /SAFESEH:NO Release\Resource.res
         Release\background.obj
         Release\billard.obj
         Release\draw.obj
         Release\entity.obj
         Release\main.obj
         Release\texture.obj
         Generating code
         3 of 124 functions ( 2.4%) were compiled, the rest were copied from previous compilation.
           0 functions were new in current compilation
           0 functions had inline decision re-evaluated but remain unchanged
         Finished generating code
         GLProject.vcxproj -> F:\project\C\GLProject\Release\GLProject.exe
     1>Done Building Project "F:\project\C\GLProject\GLProject\GLProject.vcxproj" (Build target(s)).

Build succeeded.

Time Elapsed 00:00:03.43
